Determining if the pthread_create exist failed with the following output:
Change Dir: /share_path/repo/cpp_nanodegree/cpp_nd/CppND-Route-Planning-Project/build/CMakeFiles/CMakeTmp

Run Build Command(s):/usr/bin/make cmTC_d8f8f/fast 
/usr/bin/make -f CMakeFiles/cmTC_d8f8f.dir/build.make CMakeFiles/cmTC_d8f8f.dir/build
make[1]: Entering directory '/share_path/repo/cpp_nanodegree/cpp_nd/CppND-Route-Planning-Project/build/CMakeFiles/CMakeTmp'
Building C object CMakeFiles/cmTC_d8f8f.dir/CheckSymbolExists.c.o
/usr/bin/cc    -o CMakeFiles/cmTC_d8f8f.dir/CheckSymbolExists.c.o   -c /share_path/repo/cpp_nanodegree/cpp_nd/CppND-Route-Planning-Project/build/CMakeFiles/CMakeTmp/CheckSymbolExists.c
Linking C executable cmTC_d8f8f
/usr/local/bin/cmake -E cmake_link_script CMakeFiles/cmTC_d8f8f.dir/link.txt --verbose=1
/usr/bin/cc      -rdynamic CMakeFiles/cmTC_d8f8f.dir/CheckSymbolExists.c.o  -o cmTC_d8f8f 
CMakeFiles/cmTC_d8f8f.dir/CheckSymbolExists.c.o: In function `main':
CheckSymbolExists.c:(.text+0x16): undefined reference to `pthread_create'
collect2: error: ld returned 1 exit status
CMakeFiles/cmTC_d8f8f.dir/build.make:86: recipe for target 'cmTC_d8f8f' failed
make[1]: *** [cmTC_d8f8f] Error 1
make[1]: Leaving directory '/share_path/repo/cpp_nanodegree/cpp_nd/CppND-Route-Planning-Project/build/CMakeFiles/CMakeTmp'
Makefile:121: recipe for target 'cmTC_d8f8f/fast' failed
make: *** [cmTC_d8f8f/fast] Error 2

File /share_path/repo/cpp_nanodegree/cpp_nd/CppND-Route-Planning-Project/build/CMakeFiles/CMakeTmp/CheckSymbolExists.c:
/* */
#include <pthread.h>

int main(int argc, char** argv)
{
  (void)argv;
#ifndef pthread_create
  return ((int*)(&pthread_create))[argc];
#else
  (void)argc;
  return 0;
#endif
}

Determining if the function pthread_create exists in the pthreads failed with the following output:
Change Dir: /share_path/repo/cpp_nanodegree/cpp_nd/CppND-Route-Planning-Project/build/CMakeFiles/CMakeTmp

Run Build Command(s):/usr/bin/make cmTC_63e5b/fast 
/usr/bin/make -f CMakeFiles/cmTC_63e5b.dir/build.make CMakeFiles/cmTC_63e5b.dir/build
make[1]: Entering directory '/share_path/repo/cpp_nanodegree/cpp_nd/CppND-Route-Planning-Project/build/CMakeFiles/CMakeTmp'
Building C object CMakeFiles/cmTC_63e5b.dir/CheckFunctionExists.c.o
/usr/bin/cc   -DCHECK_FUNCTION_EXISTS=pthread_create   -o CMakeFiles/cmTC_63e5b.dir/CheckFunctionExists.c.o   -c /usr/local/share/cmake-3.14/Modules/CheckFunctionExists.c
Linking C executable cmTC_63e5b
/usr/local/bin/cmake -E cmake_link_script CMakeFiles/cmTC_63e5b.dir/link.txt --verbose=1
/usr/bin/cc  -DCHECK_FUNCTION_EXISTS=pthread_create    -rdynamic CMakeFiles/cmTC_63e5b.dir/CheckFunctionExists.c.o  -o cmTC_63e5b -lpthreads 
/usr/bin/ld: cannot find -lpthreads
collect2: error: ld returned 1 exit status
CMakeFiles/cmTC_63e5b.dir/build.make:86: recipe for target 'cmTC_63e5b' failed
make[1]: *** [cmTC_63e5b] Error 1
make[1]: Leaving directory '/share_path/repo/cpp_nanodegree/cpp_nd/CppND-Route-Planning-Project/build/CMakeFiles/CMakeTmp'
Makefile:121: recipe for target 'cmTC_63e5b/fast' failed
make: *** [cmTC_63e5b/fast] Error 2


